# JRE version: OpenJDK Runtime Environment (10.0.2+13) (build 10.0.2+13-Ubuntu-1ubuntu0.18.04.4)
# Java VM: OpenJDK 64-Bit Server VM (10.0.2+13-Ubuntu-1ubuntu0.18.04.4, mixed mode, tiered, compressed oops, g1 gc, linux-amd64)
Heap:
 garbage-first heap   total 1139712K, used 25013K [0x0000000083800000, 0x0000000100000000)
  region size 1024K, 1 young (1024K), 1 survivors (1024K)
 Metaspace       used 28289K, capacity 28644K, committed 29056K, reserved 1075200K
  class space    used 2713K, capacity 2886K, committed 2944K, reserved 1048576K
GC Heap History (10 events):
Event: 420.359 GC heap after
{Heap after GC invocations=1437 (full 0):
 garbage-first heap   total 538624K, used 24902K [0x0000000083800000, 0x0000000100000000)
  region size 1024K, 1 young (1024K), 1 survivors (1024K)
 Metaspace       used 28288K, capacity 28644K, committed 29056K, reserved 1075200K
  class space    used 2713K, capacity 2886K, committed 2944K, reserved 1048576K
}
Event: 420.654 GC heap before
{Heap before GC invocations=1437 (full 0):
 garbage-first heap   total 538624K, used 346438K [0x0000000083800000, 0x0000000100000000)
  region size 1024K, 315 young (322560K), 1 survivors (1024K)
 Metaspace       used 28288K, capacity 28644K, committed 29056K, reserved 1075200K
  class space    used 2713K, capacity 2886K, committed 2944K, reserved 1048576K
}
Event: 420.664 GC heap after
{Heap after GC invocations=1438 (full 0):
 garbage-first heap   total 538624K, used 24901K [0x0000000083800000, 0x0000000100000000)
  region size 1024K, 1 young (1024K), 1 survivors (1024K)
 Metaspace       used 28288K, capacity 28644K, committed 29056K, reserved 1075200K
  class space    used 2713K, capacity 2886K, committed 2944K, reserved 1048576K
}
Event: 435.808 GC heap before
{Heap before GC invocations=1438 (full 0):
 garbage-first heap   total 538624K, used 346437K [0x0000000083800000, 0x0000000100000000)
  region size 1024K, 315 young (322560K), 1 survivors (1024K)
 Metaspace       used 28288K, capacity 28644K, committed 29056K, reserved 1075200K
  class space    used 2713K, capacity 2886K, committed 2944K, reserved 1048576K
}
Event: 453.236 GC heap after
{Heap after GC invocations=1439 (full 0):
 garbage-first heap   total 538624K, used 24934K [0x0000000083800000, 0x0000000100000000)
  region size 1024K, 1 young (1024K), 1 survivors (1024K)
 Metaspace       used 28288K, capacity 28644K, committed 29056K, reserved 1075200K
  class space    used 2713K, capacity 2886K, committed 2944K, reserved 1048576K
}
Event: 475.711 GC heap before
{Heap before GC invocations=1439 (full 0):
 garbage-first heap   total 538624K, used 50534K [0x0000000083800000, 0x0000000100000000)
  region size 1024K, 26 young (26624K), 1 survivors (1024K)
 Metaspace       used 28289K, capacity 28644K, committed 29056K, reserved 1075200K
  class space    used 2713K, capacity 2886K, committed 2944K, reserved 1048576K
}
Event: 508.070 GC heap after
{Heap after GC invocations=1440 (full 0):
 garbage-first heap   total 538624K, used 24924K [0x0000000083800000, 0x0000000100000000)
  region size 1024K, 1 young (1024K), 1 survivors (1024K)
 Metaspace       used 28289K, capacity 28644K, committed 29056K, reserved 1075200K
  class space    used 2713K, capacity 2886K, committed 2944K, reserved 1048576K
}
Event: 561.076 GC heap before
{Heap before GC invocations=1440 (full 0):
 garbage-first heap   total 538624K, used 50524K [0x0000000083800000, 0x0000000100000000)
  region size 1024K, 26 young (26624K), 1 survivors (1024K)
 Metaspace       used 28289K, capacity 28644K, committed 29056K, reserved 1075200K
  class space    used 2713K, capacity 2886K, committed 2944K, reserved 1048576K
}
Event: 581.753 GC heap after
{Heap after GC invocations=1441 (full 0):
 garbage-first heap   total 538624K, used 24947K [0x0000000083800000, 0x0000000100000000)
  region size 1024K, 1 young (1024K), 1 survivors (1024K)
 Metaspace       used 28289K, capacity 28644K, committed 29056K, reserved 1075200K
  class space    used 2713K, capacity 2886K, committed 2944K, reserved 1048576K
}
Event: 603.808 GC heap before
{Heap before GC invocations=1441 (full 0):
 garbage-first heap   total 538624K, used 50547K [0x0000000083800000, 0x0000000100000000)
  region size 1024K, 26 young (26624K), 1 survivors (1024K)
 Metaspace       used 28289K, capacity 28644K, committed 29056K, reserved 1075200K
  class space    used 2713K, capacity 2886K, committed 2944K, reserved 1048576K
}

