# JRE version: OpenJDK Runtime Environment (10.0.2+13) (build 10.0.2+13-Ubuntu-1ubuntu0.18.04.4)
# Java VM: OpenJDK 64-Bit Server VM (10.0.2+13-Ubuntu-1ubuntu0.18.04.4, mixed mode, tiered, compressed oops, g1 gc, linux-amd64)
Heap:
 garbage-first heap   total 1172480K, used 22231K [0x0000000083800000, 0x0000000100000000)
  region size 1024K, 1 young (1024K), 1 survivors (1024K)
 Metaspace       used 34169K, capacity 34634K, committed 35200K, reserved 1081344K
  class space    used 3183K, capacity 3407K, committed 3456K, reserved 1048576K
GC Heap History (10 events):
Event: 423.328 GC heap after
{Heap after GC invocations=979 (full 0):
 garbage-first heap   total 592896K, used 22151K [0x0000000083800000, 0x0000000100000000)
  region size 1024K, 1 young (1024K), 1 survivors (1024K)
 Metaspace       used 34169K, capacity 34634K, committed 35200K, reserved 1081344K
  class space    used 3183K, capacity 3407K, committed 3456K, reserved 1048576K
}
Event: 423.886 GC heap before
{Heap before GC invocations=979 (full 0):
 garbage-first heap   total 592896K, used 376455K [0x0000000083800000, 0x0000000100000000)
  region size 1024K, 347 young (355328K), 1 survivors (1024K)
 Metaspace       used 34169K, capacity 34634K, committed 35200K, reserved 1081344K
  class space    used 3183K, capacity 3407K, committed 3456K, reserved 1048576K
}
Event: 423.890 GC heap after
{Heap after GC invocations=980 (full 0):
 garbage-first heap   total 592896K, used 22168K [0x0000000083800000, 0x0000000100000000)
  region size 1024K, 1 young (1024K), 1 survivors (1024K)
 Metaspace       used 34169K, capacity 34634K, committed 35200K, reserved 1081344K
  class space    used 3183K, capacity 3407K, committed 3456K, reserved 1048576K
}
Event: 424.319 GC heap before
{Heap before GC invocations=980 (full 0):
 garbage-first heap   total 592896K, used 376472K [0x0000000083800000, 0x0000000100000000)
  region size 1024K, 347 young (355328K), 1 survivors (1024K)
 Metaspace       used 34169K, capacity 34634K, committed 35200K, reserved 1081344K
  class space    used 3183K, capacity 3407K, committed 3456K, reserved 1048576K
}
Event: 424.392 GC heap after
{Heap after GC invocations=981 (full 0):
 garbage-first heap   total 592896K, used 22178K [0x0000000083800000, 0x0000000100000000)
  region size 1024K, 1 young (1024K), 1 survivors (1024K)
 Metaspace       used 34169K, capacity 34634K, committed 35200K, reserved 1081344K
  class space    used 3183K, capacity 3407K, committed 3456K, reserved 1048576K
}
Event: 440.161 GC heap before
{Heap before GC invocations=981 (full 0):
 garbage-first heap   total 592896K, used 376482K [0x0000000083800000, 0x0000000100000000)
  region size 1024K, 347 young (355328K), 1 survivors (1024K)
 Metaspace       used 34169K, capacity 34634K, committed 35200K, reserved 1081344K
  class space    used 3183K, capacity 3407K, committed 3456K, reserved 1048576K
}
Event: 458.142 GC heap after
{Heap after GC invocations=982 (full 0):
 garbage-first heap   total 592896K, used 22190K [0x0000000083800000, 0x0000000100000000)
  region size 1024K, 1 young (1024K), 1 survivors (1024K)
 Metaspace       used 34169K, capacity 34634K, committed 35200K, reserved 1081344K
  class space    used 3183K, capacity 3407K, committed 3456K, reserved 1048576K
}
Event: 564.524 GC heap before
{Heap before GC invocations=982 (full 0):
 garbage-first heap   total 592896K, used 49838K [0x0000000083800000, 0x0000000100000000)
  region size 1024K, 28 young (28672K), 1 survivors (1024K)
 Metaspace       used 34169K, capacity 34634K, committed 35200K, reserved 1081344K
  class space    used 3183K, capacity 3407K, committed 3456K, reserved 1048576K
}
Event: 585.205 GC heap after
{Heap after GC invocations=983 (full 0):
 garbage-first heap   total 592896K, used 22239K [0x0000000083800000, 0x0000000100000000)
  region size 1024K, 1 young (1024K), 1 survivors (1024K)
 Metaspace       used 34169K, capacity 34634K, committed 35200K, reserved 1081344K
  class space    used 3183K, capacity 3407K, committed 3456K, reserved 1048576K
}
Event: 607.198 GC heap before
{Heap before GC invocations=983 (full 0):
 garbage-first heap   total 592896K, used 49887K [0x0000000083800000, 0x0000000100000000)
  region size 1024K, 28 young (28672K), 1 survivors (1024K)
 Metaspace       used 34169K, capacity 34634K, committed 35200K, reserved 1081344K
  class space    used 3183K, capacity 3407K, committed 3456K, reserved 1048576K
}

